<?xml version="1.0" encoding="UTF-8"?>
<!-- Generated by org.testng.reporters.JUnitReportReporter -->
<testsuite hostname="Jashwanth977" failures="0" tests="4" name="com.justdial.testcases.FitnessTestCases" time="2.492" errors="0" timestamp="2021-07-21T13:44:05 IST" skipped="0">
  <testcase classname="com.justdial.testcases.FitnessTestCases" name="fitness" time="1.673"/>
  <system-out/>
  <testcase classname="com.justdial.testcases.FitnessTestCases" name="fitnessMenu" time="0.079"/>
  <system-out/>
  <testcase classname="com.justdial.testcases.FitnessTestCases" name="gym" time="0.687"/>
  <system-out/>
  <testcase classname="com.justdial.testcases.FitnessTestCases" name="gymMenu" time="0.053"/>
  <system-out/>
</testsuite> <!-- com.justdial.testcases.FitnessTestCases -->
