<?xml version="1.0" encoding="UTF-8"?>
<!-- Generated by org.testng.reporters.JUnitReportReporter -->
<testsuite hostname="Jashwanth977" failures="0" tests="6" name="com.justdial.testcases.FreelistingTestCases" time="19.907" errors="0" timestamp="2021-07-21T13:44:05 IST" skipped="0">
  <testcase classname="com.justdial.testcases.FreelistingTestCases" name="launch" time="7.191"/>
  <system-out/>
  <testcase classname="com.justdial.testcases.FreelistingTestCases" name="allNullValues" time="2.323"/>
  <system-out/>
  <testcase classname="com.justdial.testcases.FreelistingTestCases" name="companyNullValue" time="0.539"/>
  <system-out/>
  <testcase classname="com.justdial.testcases.FreelistingTestCases" name="mobileNullValue" time="4.115"/>
  <system-out/>
  <testcase classname="com.justdial.testcases.FreelistingTestCases" name="cityNullvalue" time="4.231"/>
  <system-out/>
  <testcase classname="com.justdial.testcases.FreelistingTestCases" name="validDataTest" time="1.508"/>
  <system-out/>
</testsuite> <!-- com.justdial.testcases.FreelistingTestCases -->
